Created by PLY version 3.11 (http://www.dabeaz.com/ply)

Grammar

Rule 0     S' -> start
Rule 1     start -> instrucciones
Rule 2     instrucciones -> instrucciones instruccion
Rule 3     instrucciones -> instruccion
Rule 4     instruccion -> print
Rule 5     print -> CONSOLE DOT LOG PARA expression PARC
Rule 6     expression -> primitivo
Rule 7     primitivo -> NUMBER
Rule 8     primitivo -> FLOAT
Rule 9     primitivo -> STRING
Rule 10    primitivo -> boolean
Rule 11    boolean -> TRUE
Rule 12    boolean -> FALSE

Terminals, with rules where they appear

CONSOLE              : 5
DOT                  : 5
FALSE                : 12
FLOAT                : 8
LOG                  : 5
NUMBER               : 7
PARA                 : 5
PARC                 : 5
STRING               : 9
TRUE                 : 11
error                : 

Nonterminals, with rules where they appear

boolean              : 10
expression           : 5
instruccion          : 2 3
instrucciones        : 1 2
primitivo            : 6
print                : 4
start                : 0

Parsing method: LALR

state 0

    (0) S' -> . start
    (1) start -> . instrucciones
    (2) instrucciones -> . instrucciones instruccion
    (3) instrucciones -> . instruccion
    (4) instruccion -> . print
    (5) print -> . CONSOLE DOT LOG PARA expression PARC

    CONSOLE         shift and go to state 5

    start                          shift and go to state 1
    instrucciones                  shift and go to state 2
    instruccion                    shift and go to state 3
    print                          shift and go to state 4

state 1

    (0) S' -> start .



state 2

    (1) start -> instrucciones .
    (2) instrucciones -> instrucciones . instruccion
    (4) instruccion -> . print
    (5) print -> . CONSOLE DOT LOG PARA expression PARC

    $end            reduce using rule 1 (start -> instrucciones .)
    CONSOLE         shift and go to state 5

    instruccion                    shift and go to state 6
    print                          shift and go to state 4

state 3

    (3) instrucciones -> instruccion .

    CONSOLE         reduce using rule 3 (instrucciones -> instruccion .)
    $end            reduce using rule 3 (instrucciones -> instruccion .)


state 4

    (4) instruccion -> print .

    CONSOLE         reduce using rule 4 (instruccion -> print .)
    $end            reduce using rule 4 (instruccion -> print .)


state 5

    (5) print -> CONSOLE . DOT LOG PARA expression PARC

    DOT             shift and go to state 7


state 6

    (2) instrucciones -> instrucciones instruccion .

    CONSOLE         reduce using rule 2 (instrucciones -> instrucciones instruccion .)
    $end            reduce using rule 2 (instrucciones -> instrucciones instruccion .)


state 7

    (5) print -> CONSOLE DOT . LOG PARA expression PARC

    LOG             shift and go to state 8


state 8

    (5) print -> CONSOLE DOT LOG . PARA expression PARC

    PARA            shift and go to state 9


state 9

    (5) print -> CONSOLE DOT LOG PARA . expression PARC
    (6) expression -> . primitivo
    (7) primitivo -> . NUMBER
    (8) primitivo -> . FLOAT
    (9) primitivo -> . STRING
    (10) primitivo -> . boolean
    (11) boolean -> . TRUE
    (12) boolean -> . FALSE

    NUMBER          shift and go to state 12
    FLOAT           shift and go to state 13
    STRING          shift and go to state 14
    TRUE            shift and go to state 16
    FALSE           shift and go to state 17

    expression                     shift and go to state 10
    primitivo                      shift and go to state 11
    boolean                        shift and go to state 15

state 10

    (5) print -> CONSOLE DOT LOG PARA expression . PARC

    PARC            shift and go to state 18


state 11

    (6) expression -> primitivo .

    PARC            reduce using rule 6 (expression -> primitivo .)


state 12

    (7) primitivo -> NUMBER .

    PARC            reduce using rule 7 (primitivo -> NUMBER .)


state 13

    (8) primitivo -> FLOAT .

    PARC            reduce using rule 8 (primitivo -> FLOAT .)


state 14

    (9) primitivo -> STRING .

    PARC            reduce using rule 9 (primitivo -> STRING .)


state 15

    (10) primitivo -> boolean .

    PARC            reduce using rule 10 (primitivo -> boolean .)


state 16

    (11) boolean -> TRUE .

    PARC            reduce using rule 11 (boolean -> TRUE .)


state 17

    (12) boolean -> FALSE .

    PARC            reduce using rule 12 (boolean -> FALSE .)


state 18

    (5) print -> CONSOLE DOT LOG PARA expression PARC .

    CONSOLE         reduce using rule 5 (print -> CONSOLE DOT LOG PARA expression PARC .)
    $end            reduce using rule 5 (print -> CONSOLE DOT LOG PARA expression PARC .)

